====================================================
OBody NG Preset Distribution Assistant NG - Helper
====================================================

This is a complete list of all presets installed in your Skyrim.
You can use them to create INI files and manage presets intelligently.
It also helps you know if you have certain presets installed or not, making your life much easier.

You can visit the wiki at:
https://john95ac.github.io/website-documents-John95AC/OBody_NG_Preset_Distribution_Assistant_NG/index.html
which includes a rule generator for INI files.

Below are some examples of how to use the INI manager in different cases.


====================================================
INSTALLED PRESETS LIST (350 total)
====================================================

NORMAL PRESETS (CBBE/3BA/BHUNP/etc.) - 272 total

!CCDemonLordClothed2
!CCDemonLordCurvesNaked2
!CheesecakeBombshell2
!CheesecakeBombshell2Clothes
!CheesecakeCandyCorn
!CheesecakeCaramel
!CheesecakeCinnamonroll
!CheesecakeCinnamonrollClothed
!CheesecakeCreampuff
!CheesecakeHoneyGlaze
!CheesecakeLemon
!CheesecakeLemonCream
!CheesecakeLewd
!CheesecakeLewdClothed
!CheesecakeMango
!CheesecakeMounds
!CheesecakeMoundsClothed
!CheesecakePoundCakeClothed
!CheesecakePoundCakeNaked
!CheesecakePrimalNord
!CheesecakePrimalNordClothed
!CheesecakePumkinPie
!CheesecakePumpkin
!CheesecakeSourApple
!CheesecakeWatermelon
!Maidens3BAbody
!Maidens3BAclothed
!WenchMaiden
!WenchMaidenClothed
(SDZ21) My Lovely Body - Sexy Beauty (Armor)
(SDZ21) My Lovely Body - Sexy Beauty (Nude)
(SDZ21) My Lovely Body - Sexy Beauty (Outfit) 
(SDZ21) My Lovely Body - Sexy Beauty (Outfit) (Hard Nipple)
(SDZ21) My Tasteful Body (Nude) 
(SDZ21) My Tasteful Body (Outfit) 
(SDZ21) The Exothicc Beauty CBBE 3BA Preset
(SDZ21) The Luscious Body CBBE 3BA Preset (Nude)
(SDZ21) The Luscious Body CBBE 3BA Preset (Outfit)
- Zeroed Sliders -
3BA Amazon
3BA Babushka
3BA Barbarian
3BA Bodacious
3BA Chubby
3BA Destroyer
3BA Titan
3BA Willendorf
AGBBBP3
ALB
Alunder BSP
AmSlender Boobie Edition
AmSlender Boobie Edition (Outfit)
BBA!
BBW
BONOBODY SE ver.7
Barbarian - Armour
Barbarian - Armour - Athletic
Barbarian - Barkeeper
Barbarian - Barkeeper - Athletic
Barbarian - Clothes
Barbarian - Clothes - Athletic
Barbarian - NeverNude
Barbarian - NeverNude - Athletic
Barbarian - Nude
Barbarian - Nude - Athletic
CBBE Athletic
CBBE Chubby
CBBE Curvy
CBBE Curvy (Outfit)
CBBE Fetish
CBBE Fetish v2
CBBE Oppai
CBBE Petite
CBBE SevenBase
CBBE Slim
CBBE Slim (Outfit)
CBBE Strong
CBBE Vanilla
CbbeKinky
Chubby mommy
Chun-Li
Ciccio Amore
CustomPreset BB
DVA
Elf
EstellaBody
EudoraBody
GT+++
Granhadd_3BA#002(Celestine)
Granhadd_3BA#003(Ysolda)
Granhadd_3BA#004(Lydia)
Granhadd_3BA#005(Uthgerd)
Granhadd_3BA#006(Haelga)
Granhadd_3BA#007(Fastred)
Granhadd_3BA#008(Vex)
Granhadd_3BA#009(Jonna)
Granhadd_3BA#010(Aela)
Granhadd_3BA#011(Ria)
Granhadd_3BA#012(Annekke)
Granhadd_3BA#013(Hulda)
Granhadd_3BA#014(Taarie)
Granhadd_3BA#015(Sigrid)
Granhadd_3BA#016(Anise)
Granhadd_3BA#017(Carlotta)
Granhadd_3BA#018(Idgrod)
Granhadd_3BA#019(Jordis)
Granhadd_3BA#020(Serana)
Granhadd_3BA#021(Valerica)
Granhadd_3BA#022(Gerdur)
Granhadd_3BA#023(Auri)
Granhadd_3BA#024(Maven)
Granhadd_3BA#025(Elisif)
Granhadd_3BA#026(Sylgja)
Granhadd_3BA#027(Njada)
Granhadd_3BA#028(Mjoll)
Granhadd_3BA#029(Borgakh)
Granhadd_3BA#030(Olfina)
Granhadd_3BA#031(Hroki)
Granhadd_3BA#032(Astrid)
Granhadd_3BA#033(Senna)
Granhadd_3BA#034(Daighre)
Granhadd_3BA#035(ingun)
Granhadd_3BA#036(Danica)
Granhadd_3BA#037(Camila)
Granhadd_3BA#038(Karliah)
Granhadd_3BA#039(Mirabelle)
Granhadd_3BA#040(Bryling)
Granhadd_3BA#041(Rikke)
Granhadd_3BA#042(Lisette)
Granhadd_3BA#043(Irileth)
Granhadd_3BA#044(Una)
Granhadd_3BA#045(Sofia)
Granhadd_3BA#046(Narri)
Granhadd_3BA#047(Hagnes)
Granhadd_3BA#048(Adrianne)
Granhadd_3BA#049(Dinya)
Granhadd_3BA#050(Aranea)
Granhadd_3BA#051(Alva)
Granhadd_3BA#052(Grelka)
Granhadd_3BA#053(Lynly)
Granhadd_3BA#054(Constance)
Granhadd_3BA#055(Anska)
Granhadd_3BA#056(Brelyna)
Granhadd_3BA#057(Endarie)
Granhadd_3BA#058(Sygia)
Granhadd_3BA#059(Yatul)
Granhadd_3BA#060(Rayya)
Granhadd_3BA#061(Frabbi)
Granhadd_3BA#062(Bergritte)
Granhadd_3BA#063(Inge)
Granhadd_3BA#064(Shae)
Granhadd_3BA#065(M'rissi)
Granhadd_3BA#066(Freyda)
Granhadd_3BA#066(Nirya)
Granhadd_3BA#067(Iona)
Granhadd_3BA#068(Hermir)
Granhadd_3BA#069(Silda)
Granhadd_3BA#070(Edith)
Granhadd_3BA#071(Karita)
Granhadd_3BA#072(Illia)
Granhadd_3BA#073(Gilfre)
Granhadd_3BA#074(Temba)
Granhadd_3BA#075(Seren)
Granhadd_3BA#076(Rhiada)
Granhadd_3BA#077(Hamal)
Granhadd_3BA#078(Elenwen)
Granhadd_3BA#079(Bagrak)
Granhadd_3BA#080(Atub)
HEXED
HagLover
HentaiMommy
Hot_Mommy_Warrior
Hourglass Body
ILNGary's 3ba preset new
ILNGary's preset v2.0(small)
Imitation - 7B Oppai
Iris-Body
JRBody SE 3BA
JRBody SE 3BA Mature
JanosTranSSE_New_Thicc_02
Jolyn
Jordis BB
Jordis Dress Compressed
Kinky Princess Default
Lethal Dosage
Lil Mother's Milk.
Lovesick
MaidenClothed2.0
MaidenNaked2.0
MaximumThick-SE
MaximumThickClothes-SE
Megathick2
Mercy
Mika Body
MilfToUs2
Neiva Deep Water [The Prisoner Of The Tides] Body Preset
Neko's Preset
Nero2!
NeroPreggo
NewGirl
Night Dancer
Norabody
PLUMPY
Pantheon - Nude
Pantheon - Outfit
Pussycats DaroSsi preset
Pussycats JaYa preset
Pussycats Kaashni preset
Pussycats LaHyza preset
Pussycats Mliah preset
RowThick
Sexy Doll By Lowkie
Soul Hunter Preset
Special40
SubToBreed_Clothed
SubToBreed_Naked
Tanishi
Test
The Tinraa Body - Beach MX
The Tinraa Body - Beach MX reverse
The Tinraa Body - Matriarch - Magician
The Tinraa Body - Matriarch - Thief
The Tinraa Body - Matriarch - Warrior
The Tinraa Body GM - Gimme - naked
The Tinraa Body GM - Gimme - outfit
The Tinraa Body GM - Gimme Gimme - naked
The Tinraa Body GM - Gimme Gimme - outfit
The Tinraa Body GM - More - naked
The Tinraa Body GM - More - outfit
Thundra
Twilight Princess Preset 3BA (FINAL)
Twilight Princess Preset 3BA (New Version) 
Twilight Princess Preset 3BA (Old Version)
VangWaifuGuard
VenusMamaPerky
VenusMamaUltra
VenusMinus
Vyr's Fetish
Wench Body 2.0 Naked Body SSE
Wench Body 2.0 Naked Body SSE Armors&Clothes -fullcovered
Wench Body 2.0 Naked Body SSE Armors&clothes -bikinis
Widowmaker
Willendorf
XA-E
Yarin 8 no v2 Muscle
Yarin8 no v2 Muscle
Yuki C3
YuliaBody
[AtomicSkull]HALOS Tongue Preset
[SCF] Alicia Viewstroem Body
[SCF] Angel Body
[SCF] Izara Body
[SCF] Lulu The Slut Body
[SCF] Molly Ryan Body
[SCF] Naomi Evans Body
[SCF] Titi Body
[SuffPunk] Curvy Blessing - Nude
[SuffPunk] Curvy Blessing - Outfit
k101Daegon Preset
mommy2
pig
riftrestbody
s4rMs' - Ceres Cornucopia
s4rMs' - Demeter Dam Deluge
s4rMs' - Hecate Unbound Omelette FLL
s4rMs' - Hecate Unbound Omelette FLL RMV
s4rMs' - PSBodish
s4rMs' - Pomona
s4rMs' - Pomona Padded
s4rMs' - ProtoTHICC
starmilf
waifuheart

UBE PRESETS (Female) - 36 total

(SDZ21) Hot Babe Body 4 - UBE (Nude)
-Zeroed Sliders-
AlmuAlim_McDs' Mom
AlmuAlim_Soft
Blue Elf
Blue Oni
Croco
Extra Thicc
FFXIV
Frau Peach
ILNGary' UBE Bodyslide Preset
JIROU-QY
Kat Test 3
Lewd
Liuskin_Jessica_Zaal
Meri Forwar
Milf1.1
Miss Bo
Muscle Dommy Mommy
Nyakumi-like UBE
PonzuAji_Minthara
Shortstack1.1
Super Thick BBL
Super Thick BBL2
Thiccc
Too Big
UBE Bimbo Body
UBE Burger_Necoco
UBE Kyon Body
UBE Necoco for Converting Outfits
UBE_Casloafy
UBE_Croco
[DevonixS] - Zenithar's Masterpiece
nyakumi-like UBE SOS
nyakumi-like UBE naked
rocner_Vanessa

HIMBO PRESETS (Male) - 42 total

----chr's----nudebig
ChrisPreset-UBE
HIMBO Bodybuilder (by Zombie)
HIMBO Cake (by Miggyluv)
HIMBO Chonky
HIMBO Daddy
HIMBO Daddy (Clothes)
HIMBO Default
HIMBO Endomorph (by Miggyluv)
HIMBO Five
HIMBO Gladiator (by Zombie)
HIMBO Hassan
HIMBO Hideo
HIMBO Hideo (Clothes)
HIMBO Hugh
HIMBO Jack
HIMBO Jack (Clothes)
HIMBO Joseb
HIMBO Mesomorph (by Miggyluv)
HIMBO Mike
HIMBO Mike (Clothes)
HIMBO PAU Birl
HIMBO PAU Bola
HIMBO PAU Fat
HIMBO PAU Strong
HIMBO PAU Weak
HIMBO Perfection (by Miggyluv)
HIMBO Sebastian
HIMBO Simple
HIMBO Simple (Clothes)
HIMBO Sultry
HIMBO Sultry (Clothes)
HIMBO Urbon
HIMBO Vanilla
HIMBO Zero for OBody
ILNGARY bodypreset(small)
ILNGary's 3ba preset
ILNGary's preset v2.0
Iknow Follower CBBE 3BA Body
Mother's Milk
Neromashin
NewChubbyGirl

----------------------------------------------------

;OBody_Preset_Distribution_Assistant-NG rules to create an INI
;Don't be scared, check the web or review the examples below

;OBodyNG_PDA_(mod_name).ini - This is the INI structure
;You can use the mod examples entirely or create your own INI, but you must respect the naming convention
;Example: OBodyNG_PDA_MyMod.ini or OBodyNG_PDA_Custom_Bodies.ini

;Code design examples: Very similar to SPID but shorter and simpler.

; npcFormID = xx0001|Preset,...|, 1, 0, -, *, 1-, 1*, KeyWord, KeyNormal, etc.             FormID
; npc = EditorID|Preset,...|, 1, 0, -, *, 1-, 1*, KeyWord, KeyNormal, etc.                 EditorID name like 000Rabbit_NPC or Serana
; factionFemale = Faction|Preset,...|, 1, 0, -, *, 1-, 1*, KeyWord, KeyNormal, etc.        Faction name like ImperialFaction or KhajiitFaction
; factionMale = Faction|Preset,...|, 1, 0, -, *, 1-, 1*, KeyWord, KeyNormal, etc.
; npcPluginFemale = Plugin.esp|Preset,...|, 1, 0, -, *, 1-, 1*, KeyWord, KeyNormal, etc.   The name of the ESP with defined bodies
; npcPluginMale = Plugin.esp|Preset,...|, 1, 0, -, *, 1-, 1*, KeyWord, KeyNormal, etc.
; raceFemale = Race|Preset,...|, 1, 0, -, *, 1-, 1*, KeyWord, KeyNormal, etc.              Works with NordRace, OrcRace, etc., and custom races
; raceMale = Race|Preset,...|, 1, 0, -, *, 1-, 1*, KeyWord, KeyNormal, etc.

; NEW SPECIAL RULES:
; raceFemaleUBE = 00UBE_*|Preset,...|, 1, 0, -, *, 1-, 1*, KeyWord, KeyNormal, etc.      For UBE female races
; raceMaleAny = AnyRace|Preset,...|, 1, 0, -, *, 1-, 1*, KeyWord, KeyNormal, etc.         For any male race
; blacklisted = Type|Preset,...|, 1, 0, -, *, 1-, 1*, KeyWord, KeyNormal, etc.           For blacklist types

; BLACKLIST TYPES AVAILABLE:
; blacklistedNpcs, blacklistedNpcsPluginFemale, blacklistedNpcsPluginMale
; blacklistedRacesFemale, blacklistedRacesMale, blacklistedOutfitsFromORefit
; blacklistedOutfitsFromORefitPlugin, outfitsForceRefit, blacklistedPresetsFromRandomDistribution

; NEW FILTERING MODES:
; KeyWord, KeyWord*, KeyWord-, KeyWord1, KeyWord1*, KeyWord1- - Search entire preset name
; KeyWordChart, KeyWordChart*, KeyWordChart-, KeyWordChart1, KeyWordChart1*, KeyWordChart1- - Search only inside parentheses ()
; KeyAuthor, KeyAuthor*, KeyAuthor-, KeyAuthor1, KeyAuthor1*, KeyAuthor1- - Search by author name with optional filters
; KeyNormal, KeyNormal*, KeyNormal-, KeyNormal1, KeyNormal1*, KeyNormal1- - Filter by Normal preset family (CBBE/3BA/BHUNP)
; KeyUBE, KeyUBE*, KeyUBE-, KeyUBE1, KeyUBE1*, KeyUBE1- - Filter by UBE preset family
; KeyHIMBO, KeyHIMBO*, KeyHIMBO-, KeyHIMBO1, KeyHIMBO1*, KeyHIMBO1- - Filter by HIMBO preset family
; Use * for exclusive (replace all), - for removal (delete matches), 1 for one-time application

----------------------------------------------------
SPECIAL RULE EXAMPLES
----------------------------------------------------

;Example 1: Add presets to all UBE female races
raceFemaleUBE = 00UBE_*|MyUBEPreset1,MyUBEPreset2|

;Example 2: Add presets to any male race (one time only)
raceMaleAny = NordRace|MyMalePreset1,MyMalePreset2|1

;Example 3: Add to blacklisted NPCs
blacklisted = blacklistedNpcs|BadPreset1,BadPreset2|

;Example 4: Remove specific presets once, then disable
raceFemale = NordRace|UnwantedPreset1,UnwantedPreset2|1-

;Example 5: Replace all with specific presets once
raceFemale = NordRace|OnlyThesePresets1,OnlyThesePresets2|1*

;Example 6: Filter by Normal family (only CBBE/3BA/BHUNP presets)
raceFemale = NordRace|Preset1,Preset2,Preset3|KeyNormal

;Example 7: Filter by UBE family with exclusive replacement (one time)
raceFemale = 00UBE_NordRace|UBEPreset1,UBEPreset2|KeyUBE1*

----------------------------------------------------
TRADITIONAL EXAMPLES
----------------------------------------------------

;YurianaWench example
npcPluginFemale = YurianaWench.esp|!CheesecakeBombshell2,Granhadd_3BA#019(Jordis)|

;Immersive Wenches example
npcPluginFemale = Immersive Wenches.esp|!CheesecakeBombshell2,Granhadd_3BA#019(Jordis)|

====================================================
